<?xml version="1.0" encoding="UTF-8"?>
<!-- Generated by org.testng.reporters.JUnitReportReporter -->
<testsuite hostname="DESKTOP-A4RFSCH" failures="0" tests="4" name="flip.Calculator" time="8.224" errors="0" timestamp="2021-12-13T22:31:58 IST" skipped="0">
  <testcase classname="flip.Calculator" name="Mul" time="4.014"/>
  <system-out/>
  <testcase classname="flip.Calculator" name="Div" time="1.251"/>
  <system-out/>
  <testcase classname="flip.Calculator" name="Add" time="1.541"/>
  <system-out/>
  <testcase classname="flip.Calculator" name="Sub" time="1.418"/>
  <system-out/>
</testsuite> <!-- flip.Calculator -->
